This is pdfTeXk, Version 3.141592-1.40.3 (Web2C 7.5.6) (format=pdfjadetex 2008.12.13)  13 DEC 2008 15:55
entering extended mode
 %&-line parsing enabled.
**dynebolic-manual-EN.tex
(/home/jaromil/devel/manuals/dynebolic/EN/dynebolic-manual-EN.tex
JadeTeX 2003/04/27: 3.13
LaTeX Font Info:    Try loading font information for T1+ptm on input line 1.
(/usr/share/texmf-texlive/tex/latex/psnfss/t1ptm.fd
File: t1ptm.fd 2001/06/04 font definitions for T1/ptm.
)
Elements will be labelled
Jade begin document sequence at 21
(/home/jaromil/devel/manuals/dynebolic/EN/dynebolic-manual-EN.aux)
\openout1 = `dynebolic-manual-EN.aux'.

LaTeX Font Info:    Checking defaults for OML/cmm/m/it on input line 21.
LaTeX Font Info:    ... okay on input line 21.
LaTeX Font Info:    Checking defaults for T1/cmr/m/n on input line 21.
LaTeX Font Info:    ... okay on input line 21.
LaTeX Font Info:    Checking defaults for OT1/cmr/m/n on input line 21.
LaTeX Font Info:    ... okay on input line 21.
LaTeX Font Info:    Checking defaults for OMS/cmsy/m/n on input line 21.
LaTeX Font Info:    ... okay on input line 21.
LaTeX Font Info:    Checking defaults for OMX/cmex/m/n on input line 21.
LaTeX Font Info:    ... okay on input line 21.
LaTeX Font Info:    Checking defaults for U/cmr/m/n on input line 21.
LaTeX Font Info:    ... okay on input line 21.
LaTeX Font Info:    Checking defaults for PD1/pdf/m/n on input line 21.
LaTeX Font Info:    ... okay on input line 21.
LaTeX Font Info:    Checking defaults for T3/ptm/m/n on input line 21.
LaTeX Font Info:    Try loading font information for T3+ptm on input line 21.

(/usr/share/texmf/tex/latex/tipa/t3ptm.fd
File: t3ptm.fd 2001/12/31 TIPA font definitions
)
LaTeX Font Info:    ... okay on input line 21.
LaTeX Font Info:    Checking defaults for T2A/cmr/m/n on input line 21.
LaTeX Font Info:    Try loading font information for T2A+cmr on input line 21.

(/usr/share/texmf-texlive/tex/latex/cyrillic/t2acmr.fd
File: t2acmr.fd 2001/08/11 v1.0a Computer Modern Cyrillic font definitions
)
LaTeX Font Info:    ... okay on input line 21.
LaTeX Font Info:    Checking defaults for TS1/cmr/m/n on input line 21.
LaTeX Font Info:    Try loading font information for TS1+cmr on input line 21.

(/usr/share/texmf-texlive/tex/latex/base/ts1cmr.fd
File: ts1cmr.fd 1999/05/25 v2.5h Standard LaTeX font definitions
)
LaTeX Font Info:    ... okay on input line 21.
LaTeX Font Info:    Checking defaults for LECO/omseco/m/n on input line 21.
LaTeX Font Info:    ... okay on input line 21.
LaTeX Font Info:    Checking defaults for LECX/omsecx/m/n on input line 21.
LaTeX Font Info:    ... okay on input line 21.
LaTeX Font Info:    Checking defaults for LECY/omsecy/m/n on input line 21.
LaTeX Font Info:    ... okay on input line 21.
LaTeX Font Info:    Checking defaults for LEGR/omsegr/m/n on input line 21.
LaTeX Font Info:    ... okay on input line 21.
LaTeX Font Info:    Checking defaults for LEHA/omseha/m/n on input line 21.
LaTeX Font Info:    ... okay on input line 21.
LaTeX Font Info:    Checking defaults for LEIP/omseip/m/n on input line 21.
LaTeX Font Info:    ... okay on input line 21.
LaTeX Font Info:    Checking defaults for LELA/omsela/m/n on input line 21.
LaTeX Font Info:    ... okay on input line 21.
LaTeX Font Info:    Checking defaults for LETI/omseti/m/n on input line 21.
LaTeX Font Info:    ... okay on input line 21.

(/usr/share/texmf/tex/context/base/supp-pdf.tex
[Loading MPS to PDF converter (version 2006.09.02).]
\scratchcounter=\count117
\scratchdimen=\dimen132
\scratchbox=\box62
\nofMPsegments=\count118
\nofMParguments=\count119
\everyMPshowfont=\toks25
\MPscratchCnt=\count120
\MPscratchDim=\dimen133
\MPnumerator=\count121
\everyMPtoPDFconversion=\toks26
)
Package hyperref Info: Link coloring ON on input line 21.
 (/usr/share/texmf-texlive/tex/latex/hyperref/nameref.sty
Package: nameref 2006/12/27 v2.28 Cross-referencing by name of section

(/usr/share/texmf-texlive/tex/latex/oberdiek/refcount.sty
Package: refcount 2006/02/20 v3.0 Data extraction from references (HO)
)
\c@section@level=\count122
)
LaTeX Info: Redefining \ref on input line 21.
LaTeX Info: Redefining \pageref on input line 21.

(/home/jaromil/devel/manuals/dynebolic/EN/dynebolic-manual-EN.out)
(/home/jaromil/devel/manuals/dynebolic/EN/dynebolic-manual-EN.out)
\@outlinefile=\write3
\openout3 = `dynebolic-manual-EN.out'.

LaTeX Font Info:    Try loading font information for T1+phv on input line 101.

(/usr/share/texmf-texlive/tex/latex/psnfss/t1phv.fd
File: t1phv.fd 2001/06/04 scalable font definitions for T1/phv.
)
LaTeX Font Info:    Font shape `T1/phv/bx/n' in size <24.883> not available
(Font)              Font shape `T1/phv/b/n' tried instead on input line 101.
LaTeX Font Info:    Font shape `T1/phv/bx/n' in size <20.736> not available
(Font)              Font shape `T1/phv/b/n' tried instead on input line 118.


! LaTeX Error: File `images/logo' not found.

See the LaTeX manual or LaTeX Companion for explanation.
Type  H <return>  for immediate help.
 ...                                              
                                                  
l.138 {JPG}}
            \endNode{}\endNode{}\endSeq{}\endPar{}\endNode{}\Seq%
I could not locate the file with any of these extensions:
.png,.pdf,.jpg,.mps,.jpeg,.jbig2,.jb2.PNG,.PDF,.JPG,.JPEG,.JBIG2,.JB2
Try typing  <return>  to proceed.
If that doesn't work, type  X <return>  to quit.

LaTeX Font Info:    Font shape `T1/phv/bx/n' in size <17.28> not available
(Font)              Font shape `T1/phv/b/n' tried instead on input line 163.
LaTeX Font Info:    Font shape `T1/phv/bx/n' in size <12> not available
(Font)              Font shape `T1/phv/b/n' tried instead on input line 169.
[1.0.23{/var/lib/texmf/fonts/map/pdftex/updmap/pdftex.map}]
LaTeX Font Info:    Font shape `T1/phv/bx/n' in size <10> not available
(Font)              Font shape `T1/phv/b/n' tried instead on input line 188.
LaTeX Font Info:    Try loading font information for TS1+ptm on input line 213.


(/usr/share/texmf-texlive/tex/latex/psnfss/ts1ptm.fd
File: ts1ptm.fd 2001/06/04 font definitions for TS1/ptm.
) [2.0.23]

Package Fancyhdr Warning: \fancyfoot's `E' option without twoside option is use
less on input line 310.

LaTeX Font Info:    Font shape `T1/ptm/bx/n' in size <10> not available
(Font)              Font shape `T1/ptm/b/n' tried instead on input line 349.

LaTeX Warning: Reference `25' on page iii undefined on input line 367.


LaTeX Warning: Reference `44' on page iii undefined on input line 391.


LaTeX Warning: Reference `62' on page iii undefined on input line 414.


LaTeX Warning: Reference `81' on page iii undefined on input line 437.


LaTeX Warning: Reference `94' on page iii undefined on input line 460.


LaTeX Warning: Reference `105' on page iii undefined on input line 483.


LaTeX Warning: Reference `115' on page iii undefined on input line 517.


LaTeX Warning: Reference `117' on page iii undefined on input line 541.


LaTeX Warning: Reference `137' on page iii undefined on input line 564.


LaTeX Warning: Reference `160' on page iii undefined on input line 587.


LaTeX Warning: Reference `184' on page iii undefined on input line 610.


LaTeX Warning: Reference `200' on page iii undefined on input line 633.


LaTeX Warning: Reference `221' on page iii undefined on input line 667.


LaTeX Warning: Reference `225' on page iii undefined on input line 691.


LaTeX Warning: Reference `261' on page iii undefined on input line 714.


LaTeX Warning: Reference `278' on page iii undefined on input line 737.


LaTeX Warning: Reference `342' on page iii undefined on input line 760.


LaTeX Warning: Reference `393' on page iii undefined on input line 783.


LaTeX Warning: Reference `402' on page iii undefined on input line 817.


LaTeX Warning: Reference `410' on page iii undefined on input line 841.


LaTeX Warning: Reference `425' on page iii undefined on input line 864.


LaTeX Warning: Reference `456' on page iii undefined on input line 887.


LaTeX Warning: Reference `471' on page iii undefined on input line 910.


LaTeX Warning: Reference `486' on page iii undefined on input line 933.


LaTeX Warning: Reference `508' on page iii undefined on input line 956.


LaTeX Warning: Reference `533' on page iii undefined on input line 990.


LaTeX Warning: Reference `543' on page iii undefined on input line 1014.


LaTeX Warning: Reference `569' on page iii undefined on input line 1037.


LaTeX Warning: Reference `593' on page iii undefined on input line 1060.


LaTeX Warning: Reference `617' on page iii undefined on input line 1083.


LaTeX Warning: Reference `631' on page iii undefined on input line 1117.


LaTeX Warning: Reference `663' on page iii undefined on input line 1151.


LaTeX Warning: Reference `703' on page iii undefined on input line 1185.


LaTeX Warning: Reference `716' on page iii undefined on input line 1209.


LaTeX Warning: Reference `751' on page iii undefined on input line 1232.


LaTeX Warning: Reference `779' on page iii undefined on input line 1266.


LaTeX Warning: Reference `787' on page iii undefined on input line 1290.


LaTeX Warning: Reference `814' on page iii undefined on input line 1314.


LaTeX Warning: Reference `834' on page iii undefined on input line 1337.


LaTeX Warning: Reference `849' on page iii undefined on input line 1360.


LaTeX Warning: Reference `893' on page iii undefined on input line 1383.


LaTeX Warning: Reference `902' on page iii undefined on input line 1406.


LaTeX Warning: Reference `912' on page iii undefined on input line 1429.


LaTeX Warning: Reference `936' on page iii undefined on input line 1452.


LaTeX Warning: Reference `948' on page iii undefined on input line 1475.


LaTeX Warning: Reference `962' on page iii undefined on input line 1498.


LaTeX Warning: Reference `966' on page iii undefined on input line 1521.


LaTeX Warning: Reference `979' on page iii undefined on input line 1544.


Package Fancyhdr Warning: \fancyfoot's `E' option without twoside option is use
less on input line 1551.

[3.0.23

]

LaTeX Warning: Reference `986' on page iv undefined on input line 1567.


LaTeX Warning: Reference `1005' on page iv undefined on input line 1590.


LaTeX Warning: Reference `1022' on page iv undefined on input line 1613.


LaTeX Warning: Reference `1029' on page iv undefined on input line 1637.


LaTeX Warning: Reference `1041' on page iv undefined on input line 1660.


LaTeX Warning: Reference `1066' on page iv undefined on input line 1683.


LaTeX Warning: Reference `1069' on page iv undefined on input line 1707.


LaTeX Warning: Reference `1080' on page iv undefined on input line 1730.


LaTeX Warning: Reference `1090' on page iv undefined on input line 1753.


LaTeX Warning: Reference `1105' on page iv undefined on input line 1787.


LaTeX Warning: Reference `1123' on page iv undefined on input line 1811.


LaTeX Warning: Reference `1143' on page iv undefined on input line 1834.


LaTeX Warning: Reference `1225' on page iv undefined on input line 1857.


LaTeX Warning: Reference `1261' on page iv undefined on input line 1886.

[4.0.23]

Package Fancyhdr Warning: \fancyfoot's `E' option without twoside option is use
less on input line 1975.


Package Fancyhdr Warning: \fancyhead's `E' option without twoside option is use
less on input line 1975.

LaTeX Font Info:    Font shape `T1/phv/bx/it' in size <17.28> not available
(Font)              Font shape `T1/phv/b/it' tried instead on input line 2019.
LaTeX Font Info:    Font shape `T1/phv/b/it' in size <17.28> not available
(Font)              Font shape `T1/phv/b/sl' tried instead on input line 2019.

! LaTeX Error: File `images/shot-support' not found.

See the LaTeX manual or LaTeX Companion for explanation.
Type  H <return>  for immediate help.
 ...                                              
                                                  
l.2116 {JPG}}
             \endNode{}\endNode{}\endSeq{}\endPar{}\endNode{}\Node%
I could not locate the file with any of these extensions:
.png,.pdf,.jpg,.mps,.jpeg,.jbig2,.jb2.PNG,.PDF,.JPG,.JPEG,.JBIG2,.JB2
Try typing  <return>  to proceed.
If that doesn't work, type  X <return>  to quit.

LaTeX Font Info:    Try loading font information for T1+pcr on input line 2438.

(/usr/share/texmf-texlive/tex/latex/psnfss/t1pcr.fd
File: t1pcr.fd 2001/06/04 font definitions for T1/pcr.
)
LaTeX Font Info:    Font shape `T1/pcr/bx/n' in size <8.1> not available
(Font)              Font shape `T1/pcr/b/n' tried instead on input line 2447.
LaTeX Font Info:    Font shape `T1/ptm/bx/it' in size <9> not available
(Font)              Font shape `T1/ptm/b/it' tried instead on input line 2455.


! LaTeX Error: File `images/shot-credits' not found.

See the LaTeX manual or LaTeX Companion for explanation.
Type  H <return>  for immediate help.
 ...                                              
                                                  
l.2567 {JPG}}
             \endNode{}\endNode{}\endSeq{}\endPar{}\endNode{}\Node%
I could not locate the file with any of these extensions:
.png,.pdf,.jpg,.mps,.jpeg,.jbig2,.jb2.PNG,.PDF,.JPG,.JPEG,.JBIG2,.JB2
Try typing  <return>  to proceed.
If that doesn't work, type  X <return>  to quit.


Package Fancyhdr Warning: \fancyfoot's `E' option without twoside option is use
less on input line 2611.

pdfTeX warning (ext4): destination with the same identifier (name{page.1}) has 
been already used, duplicate ignored
<to be read again> 
                   \relax 
l.2611 where this software comes from.\endPar{}
                                               \endNode{}\Node% [1.0.23

]pdfTeX warning (ext4): destination with the same identifier (name{page.2}) has
 been already used, duplicate ignored
<to be read again> 
                   \relax 
l.2978 ...tal, diverse, horizontal voice.\endPar{}
                                                  \endNode{}\endSeq{}\endDis...
[2.0.23] [3.0.23] [4.0.23]

Package Fancyhdr Warning: \fancyfoot's `E' option without twoside option is use
less on input line 3434.


Package Fancyhdr Warning: \fancyhead's `E' option without twoside option is use
less on input line 3434.


! LaTeX Error: File `images/shot-configure' not found.

See the LaTeX manual or LaTeX Companion for explanation.
Type  H <return>  for immediate help.
 ...                                              
                                                  
l.3661 {JPG}}
             \endNode{}\endNode{}\endSeq{}\endPar{}\endNode{}\Node%
I could not locate the file with any of these extensions:
.png,.pdf,.jpg,.mps,.jpeg,.jbig2,.jb2.PNG,.PDF,.JPG,.JPEG,.JBIG2,.JB2
Try typing  <return>  to proceed.
If that doesn't work, type  X <return>  to quit.


! LaTeX Error: File `images/shot-volumes' not found.

See the LaTeX manual or LaTeX Companion for explanation.
Type  H <return>  for immediate help.
 ...                                              
                                                  
l.3809 {JPG}}
             \endNode{}\endNode{}\endSeq{}\endPar{}\endNode{}\Node%
I could not locate the file with any of these extensions:
.png,.pdf,.jpg,.mps,.jpeg,.jbig2,.jb2.PNG,.PDF,.JPG,.JPEG,.JBIG2,.JB2
Try typing  <return>  to proceed.
If that doesn't work, type  X <return>  to quit.


! LaTeX Error: File `images/shot-nest-main' not found.

See the LaTeX manual or LaTeX Companion for explanation.
Type  H <return>  for immediate help.
 ...                                              
                                                  
l.4019 {JPG}}
             \endNode{}\endNode{}\endSeq{}\endPar{}\endNode{}\Node%
I could not locate the file with any of these extensions:
.png,.pdf,.jpg,.mps,.jpeg,.jbig2,.jb2.PNG,.PDF,.JPG,.JPEG,.JBIG2,.JB2
Try typing  <return>  to proceed.
If that doesn't work, type  X <return>  to quit.


Package Fancyhdr Warning: \fancyfoot's `E' option without twoside option is use
less on input line 4035.

[5.0.23

]

! LaTeX Error: File `images/shot-nest-hd' not found.

See the LaTeX manual or LaTeX Companion for explanation.
Type  H <return>  for immediate help.
 ...                                              
                                                  
l.4136 {JPG}}
             \endNode{}\endNode{}\endSeq{}\endPar{}\endNode{}\Node%
I could not locate the file with any of these extensions:
.png,.pdf,.jpg,.mps,.jpeg,.jbig2,.jb2.PNG,.PDF,.JPG,.JPEG,.JBIG2,.JB2
Try typing  <return>  to proceed.
If that doesn't work, type  X <return>  to quit.


! LaTeX Error: File `images/shot-dock' not found.

See the LaTeX manual or LaTeX Companion for explanation.
Type  H <return>  for immediate help.
 ...                                              
                                                  
l.4262 {JPG}}
             \endNode{}\endNode{}\endSeq{}\endPar{}\endNode{}\Node%
I could not locate the file with any of these extensions:
.png,.pdf,.jpg,.mps,.jpeg,.jbig2,.jb2.PNG,.PDF,.JPG,.JPEG,.JBIG2,.JB2
Try typing  <return>  to proceed.
If that doesn't work, type  X <return>  to quit.

[6.0.23]

! LaTeX Error: File `images/shot-modules' not found.

See the LaTeX manual or LaTeX Companion for explanation.
Type  H <return>  for immediate help.
 ...                                              
                                                  
l.4515 {JPG}}
             \endNode{}\endNode{}\endSeq{}\endPar{}\endNode{}\Node%
I could not locate the file with any of these extensions:
.png,.pdf,.jpg,.mps,.jpeg,.jbig2,.jb2.PNG,.PDF,.JPG,.JPEG,.JBIG2,.JB2
Try typing  <return>  to proceed.
If that doesn't work, type  X <return>  to quit.

[7.0.23]

Package Fancyhdr Warning: \fancyfoot's `E' option without twoside option is use
less on input line 4711.


Package Fancyhdr Warning: \fancyhead's `E' option without twoside option is use
less on input line 4711.


Package Fancyhdr Warning: \fancyfoot's `E' option without twoside option is use
less on input line 5118.

[8.0.23

] [9.0.23] [10.0.23] [11.0.23] [12.0.23]

Package Fancyhdr Warning: \fancyfoot's `E' option without twoside option is use
less on input line 6911.


Package Fancyhdr Warning: \fancyhead's `E' option without twoside option is use
less on input line 6911.


Package Fancyhdr Warning: \fancyfoot's `E' option without twoside option is use
less on input line 7412.

[13.0.23

] [14.0.23] [15.0.23]

Package Fancyhdr Warning: \fancyfoot's `E' option without twoside option is use
less on input line 8351.


Package Fancyhdr Warning: \fancyhead's `E' option without twoside option is use
less on input line 8351.


Package Fancyhdr Warning: \fancyfoot's `E' option without twoside option is use
less on input line 8846.

[16.0.23

] [17.0.23pdfTeX warning (ext4): destination with the same identifier (name{593
}) has been already used, duplicate ignored
<to be read again> 
                   \endgroup \set@typeset@protect 
l.9197 ...DisplayGroup{}\endNode{}\endSeq{}\endSpS
                                                  {}\endNode{}\Node%]

Package Fancyhdr Warning: \fancyfoot's `E' option without twoside option is use
less on input line 9284.


Package Fancyhdr Warning: \fancyhead's `E' option without twoside option is use
less on input line 9284.


Package Fancyhdr Warning: \fancyfoot's `E' option without twoside option is use
less on input line 9512.

[18.0.23

]

Package Fancyhdr Warning: \fancyfoot's `E' option without twoside option is use
less on input line 9599.


Package Fancyhdr Warning: \fancyhead's `E' option without twoside option is use
less on input line 9599.


Package Fancyhdr Warning: \fancyfoot's `E' option without twoside option is use
less on input line 9922.

[19.0.23

]

Package Fancyhdr Warning: \fancyfoot's `E' option without twoside option is use
less on input line 10009.


Package Fancyhdr Warning: \fancyhead's `E' option without twoside option is use
less on input line 10009.


Package Fancyhdr Warning: \fancyfoot's `E' option without twoside option is use
less on input line 10513.

[20.0.23

] [21.0.23]

Package Fancyhdr Warning: \fancyfoot's `E' option without twoside option is use
less on input line 10625.


Package Fancyhdr Warning: \fancyhead's `E' option without twoside option is use
less on input line 10625.

LaTeX Font Info:    Font shape `T1/phv/bx/n' in size <14.4> not available
(Font)              Font shape `T1/phv/b/n' tried instead on input line 11263.

Package Fancyhdr Warning: \fancyfoot's `E' option without twoside option is use
less on input line 11398.

[22.0.23

] [23.0.23] [24.0.23] [25.0.23] [26.0.23] [27.0.23] [28.0.23] [29.0.23] [30.0.2
3]

Package Fancyhdr Warning: \fancyfoot's `E' option without twoside option is use
less on input line 14888.


Package Fancyhdr Warning: \fancyhead's `E' option without twoside option is use
less on input line 14888.


Package Fancyhdr Warning: \fancyfoot's `E' option without twoside option is use
less on input line 15383.

[31.0.23

] [32.0.23]
Overfull \hbox (48.7244pt too wide) in paragraph at lines 16031--16031
 []\T1/pcr/m/n/9 AglioeOlio | aglio olio e peperoncino | pasta --agliolio | | h
ttp://tuttifrutti.org | The Crazy Cook[] 
 []


Overfull \hbox (21.72443pt too wide) in paragraph at lines 16032--16032
 []\T1/pcr/m/n/9 Puttanesca | olive capperi e alici | pasta --puttan | | http:/
/tuttifrutti.org | The Crazy Cook[] 
 []

[33.0.23]
Overfull \hbox (0.12445pt too wide) in paragraph at lines 16231--16231
 []\T1/pcr/m/n/9 lib  optional directory  contains all libraries, automatically
 included in $LD_LIBRARY_PATH[] 
 []

[34.0.23]

Package Fancyhdr Warning: \fancyfoot's `E' option without twoside option is use
less on input line 16669.


Package Fancyhdr Warning: \fancyhead's `E' option without twoside option is use
less on input line 16669.

LaTeX Font Info:    Font shape `T1/ptm/bx/n' in size <9> not available
(Font)              Font shape `T1/ptm/b/n' tried instead on input line 16726.

LaTeX Warning: Reference `536' on page 35 undefined on input line 16726.


LaTeX Warning: Reference `555' on page 35 undefined on input line 16743.


LaTeX Warning: Reference `597' on page 35 undefined on input line 16760.


LaTeX Warning: Reference `603' on page 35 undefined on input line 16777.


LaTeX Warning: Reference `546' on page 35 undefined on input line 16794.


LaTeX Warning: Reference `589' on page 35 undefined on input line 16811.


LaTeX Warning: Reference `573' on page 35 undefined on input line 16828.


LaTeX Warning: Reference `584' on page 35 undefined on input line 16845.


LaTeX Warning: Reference `579' on page 35 undefined on input line 16862.


LaTeX Warning: Reference `565' on page 35 undefined on input line 16879.


LaTeX Warning: Reference `620' on page 35 undefined on input line 16896.


LaTeX Warning: Reference `608' on page 35 undefined on input line 16913.


LaTeX Warning: Reference `626' on page 35 undefined on input line 16930.


LaTeX Warning: Reference `613' on page 35 undefined on input line 16947.


LaTeX Warning: Reference `560' on page 35 undefined on input line 16964.


LaTeX Warning: Reference `550' on page 35 undefined on input line 16981.


LaTeX Warning: Reference `646' on page 35 undefined on input line 17005.


LaTeX Warning: Reference `636' on page 35 undefined on input line 17022.


LaTeX Warning: Reference `652' on page 35 undefined on input line 17039.


LaTeX Warning: Reference `657' on page 35 undefined on input line 17056.


LaTeX Warning: Reference `641' on page 35 undefined on input line 17073.


LaTeX Warning: Reference `706' on page 35 undefined on input line 17090.


LaTeX Warning: Reference `757' on page 35 undefined on input line 17107.


LaTeX Warning: Reference `726' on page 35 undefined on input line 17124.


LaTeX Warning: Reference `721' on page 35 undefined on input line 17141.


LaTeX Warning: Reference `731' on page 35 undefined on input line 17158.


LaTeX Warning: Reference `711' on page 35 undefined on input line 17175.


LaTeX Warning: Reference `767' on page 35 undefined on input line 17192.


LaTeX Warning: Reference `742' on page 35 undefined on input line 17209.


LaTeX Warning: Reference `736' on page 35 undefined on input line 17226.


LaTeX Warning: Reference `754' on page 35 undefined on input line 17250.


LaTeX Warning: Reference `764' on page 35 undefined on input line 17267.


LaTeX Warning: Reference `774' on page 35 undefined on input line 17284.


LaTeX Warning: Reference `745' on page 35 undefined on input line 17301.


LaTeX Warning: Reference `666' on page 35 undefined on input line 17318.


LaTeX Warning: Reference `673' on page 35 undefined on input line 17335.


LaTeX Warning: Reference `688' on page 35 undefined on input line 17352.


LaTeX Warning: Reference `683' on page 35 undefined on input line 17369.


LaTeX Warning: Reference `699' on page 35 undefined on input line 17386.


LaTeX Warning: Reference `678' on page 35 undefined on input line 17403.


LaTeX Warning: Reference `405' on page 35 undefined on input line 17420.


LaTeX Warning: Reference `498' on page 35 undefined on input line 17437.


LaTeX Warning: Reference `489' on page 35 undefined on input line 17454.


LaTeX Warning: Reference `412' on page 35 undefined on input line 17471.


LaTeX Warning: Reference `441' on page 35 undefined on input line 17488.


LaTeX Warning: Reference `464' on page 35 undefined on input line 17505.


LaTeX Warning: Reference `429' on page 35 undefined on input line 17522.


LaTeX Warning: Reference `520' on page 35 undefined on input line 17532.


LaTeX Warning: Reference `528' on page 35 undefined on input line 17549.


LaTeX Warning: Reference `478' on page 35 undefined on input line 17566.


LaTeX Warning: Reference `473' on page 35 undefined on input line 17583.


LaTeX Warning: Reference `515' on page 35 undefined on input line 17600.


LaTeX Warning: Reference `461' on page 35 undefined on input line 17617.


LaTeX Warning: Reference `450' on page 35 undefined on input line 17634.


LaTeX Warning: Reference `504' on page 35 undefined on input line 17651.


LaTeX Warning: Reference `445' on page 35 undefined on input line 17668.


LaTeX Warning: Reference `482' on page 35 undefined on input line 17685.


LaTeX Warning: Reference `458' on page 35 undefined on input line 17702.


LaTeX Warning: Reference `66' on page 35 undefined on input line 17719.


LaTeX Warning: Reference `1110' on page 35 undefined on input line 17736.


LaTeX Warning: Reference `227' on page 35 undefined on input line 17753.


LaTeX Warning: Reference `263' on page 35 undefined on input line 17770.


LaTeX Warning: Reference `847' on page 35 undefined on input line 17787.


LaTeX Warning: Reference `236' on page 35 undefined on input line 17804.


LaTeX Warning: Reference `781' on page 35 undefined on input line 17821.


LaTeX Warning: Reference `1121' on page 35 undefined on input line 17838.


LaTeX Warning: Reference `186' on page 35 undefined on input line 17855.


LaTeX Warning: Reference `156' on page 35 undefined on input line 17872.


LaTeX Warning: Reference `245' on page 35 undefined on input line 17889.


LaTeX Warning: Reference `783' on page 35 undefined on input line 17906.


LaTeX Warning: Reference `107' on page 35 undefined on input line 17930.


LaTeX Warning: Reference `254' on page 35 undefined on input line 17947.


LaTeX Warning: Reference `832' on page 35 undefined on input line 17964.


LaTeX Warning: Reference `812' on page 35 undefined on input line 17981.


LaTeX Warning: Reference `46' on page 35 undefined on input line 17998.


LaTeX Warning: Reference `238' on page 35 undefined on input line 18015.


LaTeX Warning: Reference `202' on page 35 undefined on input line 18032.


LaTeX Warning: Reference `162' on page 35 undefined on input line 18049.


LaTeX Warning: Reference `135' on page 35 undefined on input line 18066.


LaTeX Warning: Reference `234' on page 35 undefined on input line 18083.


LaTeX Warning: Reference `1114' on page 35 undefined on input line 18100.


LaTeX Warning: Reference `214' on page 35 undefined on input line 18117.


LaTeX Warning: Reference `64' on page 35 undefined on input line 18134.


LaTeX Warning: Reference `1129' on page 35 undefined on input line 18151.


LaTeX Warning: Reference `84' on page 35 undefined on input line 18168.


LaTeX Warning: Reference `145' on page 35 undefined on input line 18185.


LaTeX Warning: Reference `133' on page 35 undefined on input line 18202.


LaTeX Warning: Reference `120' on page 35 undefined on input line 18219.


Package Fancyhdr Warning: \fancyfoot's `E' option without twoside option is use
less on input line 18220.

[35.0.23

] (/home/jaromil/devel/manuals/dynebolic/EN/dynebolic-manual-EN.aux)

LaTeX Warning: There were undefined references.

 ) 
Here is how much of TeX's memory you used:
 4078 strings out of 82934
 27404 string characters out of 1048938
 251230 words of memory out of 1585000
 17161 multiletter control sequences out of 10000+50000
 52312 words of font info for 60 fonts, out of 1200000 for 2000
 645 hyphenation exceptions out of 8191
 28i,12n,45p,238b,1009s stack positions out of 5000i,500n,6000p,200000b,5000s
pdfTeX warning (dest): name{504} has been referenced but does not exist, repl
aced by a fixed one

{/usr/share/texmf-texlive/fonts/enc/dvips/base/8r.enc}</usr/share/texmf-texlive
/fonts/type1/urw/courier/ucrb8a.pfb></usr/share/texmf-texlive/fonts/type1/urw/c
ourier/ucrr8a.pfb></usr/share/texmf-texlive/fonts/type1/urw/helvetic/uhvb8a.pfb
></usr/share/texmf-texlive/fonts/type1/urw/helvetic/uhvbo8a.pfb></usr/share/tex
mf-texlive/fonts/type1/urw/times/utmb8a.pfb></usr/share/texmf-texlive/fonts/typ
e1/urw/times/utmbi8a.pfb></usr/share/texmf-texlive/fonts/type1/urw/times/utmr8a
.pfb></usr/share/texmf-texlive/fonts/type1/urw/times/utmri8a.pfb>
Output written on dynebolic-manual-EN.pdf (39 pages, 406201 bytes).
PDF statistics:
 1971 PDF objects out of 2073 (max. 8388607)
 1167 named destinations out of 1200 (max. 131072)
 513 words of extra memory for PDF output out of 10000 (max. 10000000)

